<?xml version="1.0" encoding="UTF-8"?>
<!-- Generated by org.testng.reporters.JUnitReportReporter -->
<testsuite skipped="0" hostname="ST-PhuocVTT" name="tests.LoginTests" tests="2" failures="0" timestamp="2022-08-02T14:50:30 ICT" time="9.121" errors="0">
  <testcase name="InvalidUserNameInvalidPassword" time="4.156" classname="tests.LoginTests"/>
  <system-out>
    <![CDATA[InvalidUserNameInvalidPassword test is starting.
InvalidUserNameInvalidPassword test is succeed.]]>
  </system-out>
  <testcase name="EmptyUserEmptyPassword" time="4.965" classname="tests.LoginTests"/>
  <system-out>
    <![CDATA[EmptyUserEmptyPassword test is starting.
EmptyUserEmptyPassword test is succeed.]]>
  </system-out>
</testsuite> <!-- tests.LoginTests -->
